{
  "RSpec": {
    "coverage": {
      "/Users/liatmoss/Desktop/Projects/WeekTen/bank_tech_test/spec/amount_spec.rb": [
        null,
        null,
        1,
        null,
        1,
        4,
        null,
        1,
        1,
        1,
        1,
        null,
        null,
        null,
        1,
        1,
        1,
        1,
        1,
        null,
        null,
        1,
        1,
        2,
        null,
        null,
        null
      ],
      "/Users/liatmoss/Desktop/Projects/WeekTen/bank_tech_test/lib/amount.rb": [
        null,
        null,
        1,
        1,
        1,
        null,
        1,
        3,
        3,
        null,
        null,
        1,
        3,
        3,
        null,
        null,
        1,
        2,
        null,
        1,
        1,
        null,
        null
      ],
      "/Users/liatmoss/Desktop/Projects/WeekTen/bank_tech_test/spec/statement_spec.rb": [
        null,
        null,
        1,
        null,
        1,
        4,
        4,
        null,
        1,
        1,
        1,
        1,
        null,
        null,
        1,
        1,
        1,
        null,
        null,
        1,
        1,
        1,
        null,
        null,
        null
      ],
      "/Users/liatmoss/Desktop/Projects/WeekTen/bank_tech_test/lib/statement.rb": [
        null,
        null,
        1,
        1,
        null,
        1,
        3,
        null,
        null,
        1,
        3,
        null,
        null
      ]
    },
    "timestamp": 1576517803
  }
}
