{
  "RSpec": {
    "coverage": {
      "/Users/liatmoss/Desktop/Projects/WeekTen/bank_tech_test/spec/account_spec.rb": [
        1,
        null,
        1,
        4,
        null,
        1,
        1,
        1,
        1,
        null,
        null,
        null,
        1,
        1,
        1,
        1,
        1,
        null,
        null,
        1,
        1,
        2,
        null,
        null,
        null
      ],
      "/Users/liatmoss/Desktop/Projects/WeekTen/bank_tech_test/lib/account.rb": [
        1,
        1,
        1,
        null,
        1,
        3,
        3,
        null,
        null,
        1,
        3,
        null,
        null,
        1,
        2,
        null,
        1,
        null,
        null
      ],
      "/Users/liatmoss/Desktop/Projects/WeekTen/bank_tech_test/spec/statement_spec.rb": [
        1,
        null,
        1,
        4,
        4,
        null,
        1,
        1,
        1,
        1,
        null,
        null,
        1,
        1,
        1,
        null,
        null,
        1,
        1,
        1,
        null,
        null,
        null
      ],
      "/Users/liatmoss/Desktop/Projects/WeekTen/bank_tech_test/lib/statement.rb": [
        1,
        1,
        1,
        1,
        3,
        null,
        null,
        1,
        3,
        null,
        null
      ],
      "/Users/liatmoss/Desktop/Projects/WeekTen/bank_tech_test/lib/transaction.rb": [
        1,
        1,
        1,
        1,
        1,
        null,
        null,
        1,
        1,
        null,
        null
      ],
      "/Users/liatmoss/Desktop/Projects/WeekTen/bank_tech_test/spec/transaction_spec.rb": [
        1,
        null,
        1,
        1,
        2,
        2,
        null,
        1,
        1,
        1,
        1,
        null,
        null,
        null
      ]
    },
    "timestamp": 1576587496
  }
}
